Started by timer
Checkout:Automated Test Runs / /var/lib/jenkins/workspace/Automated Test Runs - hudson.remoting.LocalChannel@2cef66
Using strategy: Default
Last Built Revision: Revision 40f698f20750cc10243056da664063166adf4699 (origin/master)
Checkout:Automated Test Runs / /var/lib/jenkins/workspace/Automated Test Runs - hudson.remoting.LocalChannel@2cef66
Fetching changes from 1 remote Git repository
Fetching upstream changes from git@github.com:CloudStack/CloudStack.git
Commencing build of Revision 40f698f20750cc10243056da664063166adf4699 (origin/master)
Checking out Revision 40f698f20750cc10243056da664063166adf4699 (origin/master)
[Automated Test Runs] $ /bin/sh -xe /tmp/hudson1930584406029715886.sh
+ sh tools/testClient/automated/automated.sh
Copying /usr/share/tomcat6/conf files to /var/lib/jenkins/automated/conf...
Copying /usr/share/tomcat6/bin files to /var/lib/jenkins/automated/bin...
Copying /usr/share/tomcat6/lib files to /var/lib/jenkins/automated/lib...
Copying /usr/share/tomcat6/logs files to /var/lib/jenkins/automated/logs...
Copying /usr/share/tomcat6/temp files to /var/lib/jenkins/automated/temp...
cp: cannot stat `/usr/share/tomcat6/temp/*': No such file or directory
Copying /usr/share/tomcat6/webapps files to /var/lib/jenkins/automated/webapps...
cp: cannot stat `/usr/share/tomcat6/webapps/*': No such file or directory
Copying /usr/share/tomcat6/work files to /var/lib/jenkins/automated/work...
cp: cannot stat `/usr/share/tomcat6/work/*': No such file or directory
Buildfile: /var/lib/jenkins/workspace/Automated Test Runs/build.xml
     [echo] Using build parameters from /var/lib/jenkins/workspace/Automated Test Runs/build/build-cloud.properties
     [echo] Using company info from /var/lib/jenkins/workspace/Automated Test Runs/build/cloud.properties
     [echo] Using override file from /var/lib/jenkins/workspace/Automated Test Runs/build/replace.properties
     [echo] deploy home: /var/lib/jenkins/workspace/Automated Test Runs/build/deploy

clean:
   [delete] Deleting: /var/lib/jenkins/workspace/Automated Test Runs/target/ant_verbose.txt
   [delete] Deleting directory /var/lib/jenkins/workspace/Automated Test Runs/target/classes
   [delete] Deleting directory /var/lib/jenkins/workspace/Automated Test Runs/target/jar
   [delete] Deleting directory /var/lib/jenkins/workspace/Automated Test Runs/dist

clean-awsapi:
   [delete] Deleting directory /var/lib/jenkins/workspace/Automated Test Runs/target/dist-files
   [delete] Deleting directory /var/lib/jenkins/workspace/Automated Test Runs/target

clean-all:

BUILD SUCCESSFUL
Total time: 2 seconds
Buildfile: /var/lib/jenkins/workspace/Automated Test Runs/build.xml
     [echo] Using build parameters from /var/lib/jenkins/workspace/Automated Test Runs/build/build-cloud.properties
     [echo] Using company info from /var/lib/jenkins/workspace/Automated Test Runs/build/cloud.properties
     [echo] Using override file from /var/lib/jenkins/workspace/Automated Test Runs/build/replace.properties
     [echo] deploy home: /var/lib/jenkins/workspace/Automated Test Runs/build/deploy

automated-test-run:
     [echo] Using build parameters from /var/lib/jenkins/workspace/Automated Test Runs/build/build-cloud.properties
     [echo] Using company info from /var/lib/jenkins/workspace/Automated Test Runs/build/cloud.properties
     [echo] Using override file from /var/lib/jenkins/workspace/Automated Test Runs/build/replace.properties
     [echo] deploy home: /var/lib/jenkins/workspace/Automated Test Runs/build/deploy

-init:
    [mkdir] Created dir: /var/lib/jenkins/workspace/Automated Test Runs/dist
    [mkdir] Created dir: /var/lib/jenkins/workspace/Automated Test Runs/target
     [echo] builder: jenkins at domU-12-31-39-15-22-2D, on 2012-06-18T04:01:20Z
     [echo] Build number is 3.0.3.2012-06-18T04:01:20Z
    [mkdir] Created dir: /var/lib/jenkins/workspace/Automated Test Runs/target/jar
    [mkdir] Created dir: /var/lib/jenkins/workspace/Automated Test Runs/target/docs
    [mkdir] Created dir: /var/lib/jenkins/workspace/Automated Test Runs/target/dep-cache

compile-utils:
    [mkdir] Created dir: /var/lib/jenkins/workspace/Automated Test Runs/target/classes/cloud-utils.jar
     [echo] Compiling /var/lib/jenkins/workspace/Automated Test Runs/utils/src
    [javac] Compiling 211 source files to /var/lib/jenkins/workspace/Automated Test Runs/target/classes/cloud-utils.jar
    [javac] Note: /var/lib/jenkins/workspace/Automated Test Runs/utils/src/com/cloud/utils/UriUtils.java uses or overrides a deprecated API.
    [javac] Note: Recompile with -Xlint:deprecation for details.
    [javac] Note: Some input files use unchecked or unsafe operations.
    [javac] Note: Recompile with -Xlint:unchecked for details.
      [jar] Building jar: /var/lib/jenkins/workspace/Automated Test Runs/target/jar/cloud-utils.jar

compile-api:
    [mkdir] Created dir: /var/lib/jenkins/workspace/Automated Test Runs/target/classes/cloud-api.jar
     [echo] Compiling /var/lib/jenkins/workspace/Automated Test Runs/api/src
    [javac] Compiling 717 source files to /var/lib/jenkins/workspace/Automated Test Runs/target/classes/cloud-api.jar
    [javac] Note: Some input files use unchecked or unsafe operations.
    [javac] Note: Recompile with -Xlint:unchecked for details.
      [jar] Building jar: /var/lib/jenkins/workspace/Automated Test Runs/target/jar/cloud-api.jar

compile-vmware-base:
    [mkdir] Created dir: /var/lib/jenkins/workspace/Automated Test Runs/target/classes/cloud-vmware-base.jar
     [echo] Compiling /var/lib/jenkins/workspace/Automated Test Runs/vmware-base/src
    [javac] Compiling 35 source files to /var/lib/jenkins/workspace/Automated Test Runs/target/classes/cloud-vmware-base.jar
    [javac] Note: Some input files use or override a deprecated API.
    [javac] Note: Recompile with -Xlint:deprecation for details.
    [javac] Note: Some input files use unchecked or unsafe operations.
    [javac] Note: Recompile with -Xlint:unchecked for details.
      [jar] Building jar: /var/lib/jenkins/workspace/Automated Test Runs/target/jar/cloud-vmware-base.jar

compile-core:
    [mkdir] Created dir: /var/lib/jenkins/workspace/Automated Test Runs/target/classes/cloud-core.jar
     [echo] Compiling /var/lib/jenkins/workspace/Automated Test Runs/core/src
    [javac] Compiling 180 source files to /var/lib/jenkins/workspace/Automated Test Runs/target/classes/cloud-core.jar
    [javac] Note: /var/lib/jenkins/workspace/Automated Test Runs/core/src/com/cloud/hypervisor/vmware/manager/VmwareStorageManagerImpl.java uses or overrides a deprecated API.
    [javac] Note: Recompile with -Xlint:deprecation for details.
    [javac] Note: Some input files use unchecked or unsafe operations.
    [javac] Note: Recompile with -Xlint:unchecked for details.
      [jar] Building jar: /var/lib/jenkins/workspace/Automated Test Runs/target/jar/cloud-core.jar

compile-agent:
    [mkdir] Created dir: /var/lib/jenkins/workspace/Automated Test Runs/target/classes/cloud-agent.jar
     [echo] Compiling /var/lib/jenkins/workspace/Automated Test Runs/agent/src
    [javac] Compiling 43 source files to /var/lib/jenkins/workspace/Automated Test Runs/target/classes/cloud-agent.jar
    [javac] Note: /var/lib/jenkins/workspace/Automated Test Runs/agent/src/com/cloud/agent/resource/computing/LibvirtVMDef.java uses unchecked or unsafe operations.
    [javac] Note: Recompile with -Xlint:unchecked for details.
      [jar] Building jar: /var/lib/jenkins/workspace/Automated Test Runs/target/jar/cloud-agent.jar

compile-server:
    [mkdir] Created dir: /var/lib/jenkins/workspace/Automated Test Runs/target/classes/cloud-server.jar
     [echo] Compiling /var/lib/jenkins/workspace/Automated Test Runs/server/src
    [javac] Compiling 832 source files to /var/lib/jenkins/workspace/Automated Test Runs/target/classes/cloud-server.jar
    [javac] Note: Some input files use or override a deprecated API.
    [javac] Note: Recompile with -Xlint:deprecation for details.
    [javac] Note: Some input files use unchecked or unsafe operations.
    [javac] Note: Recompile with -Xlint:unchecked for details.
      [jar] Building jar: /var/lib/jenkins/workspace/Automated Test Runs/target/jar/cloud-server.jar

build-server:
    [mkdir] Created dir: /var/lib/jenkins/workspace/Automated Test Runs/dist/client
    [mkdir] Created dir: /var/lib/jenkins/workspace/Automated Test Runs/dist/client/lib
    [mkdir] Created dir: /var/lib/jenkins/workspace/Automated Test Runs/dist/client/conf
     [copy] Copying 39 files to /var/lib/jenkins/workspace/Automated Test Runs/target/jar
     [copy] Copying 25 files to /var/lib/jenkins/workspace/Automated Test Runs/dist/client/conf
     [copy] Copying 57 files to /var/lib/jenkins/workspace/Automated Test Runs/target/db

build-agent:
    [mkdir] Created dir: /var/lib/jenkins/workspace/Automated Test Runs/dist/agent
    [mkdir] Created dir: /var/lib/jenkins/workspace/Automated Test Runs/dist/agent/scripts
    [mkdir] Created dir: /var/lib/jenkins/workspace/Automated Test Runs/dist/agent/conf
    [mkdir] Created dir: /var/lib/jenkins/workspace/Automated Test Runs/dist/agent/logs
    [mkdir] Created dir: /var/lib/jenkins/workspace/Automated Test Runs/dist/agent/db
    [mkdir] Created dir: /var/lib/jenkins/workspace/Automated Test Runs/dist/agent/storagehdpatch
     [copy] Copying 1 file to /var/lib/jenkins/workspace/Automated Test Runs/dist/agent/conf
     [copy] Copying 1 file to /var/lib/jenkins/workspace/Automated Test Runs/dist/agent/conf
     [copy] Copying 2 files to /var/lib/jenkins/workspace/Automated Test Runs/dist/agent

build-scripts:
     [copy] Copying 161 files to /var/lib/jenkins/workspace/Automated Test Runs/target/scripts
     [copy] Copying 1 file to /var/lib/jenkins/workspace/Automated Test Runs/target/scripts

build-ui:
    [mkdir] Created dir: /var/lib/jenkins/workspace/Automated Test Runs/target/ui
     [copy] Copying 74 files to /var/lib/jenkins/workspace/Automated Test Runs/target/ui
     [copy] Copying 94 files to /var/lib/jenkins/workspace/Automated Test Runs/target/ui
     [copy] Copying 4 files to /var/lib/jenkins/workspace/Automated Test Runs/target/ui

compile-ovm:
    [mkdir] Created dir: /var/lib/jenkins/workspace/Automated Test Runs/target/classes/cloud-ovm.jar
     [echo] Compiling /var/lib/jenkins/workspace/Automated Test Runs/ovm/src
    [javac] Compiling 18 source files to /var/lib/jenkins/workspace/Automated Test Runs/target/classes/cloud-ovm.jar
    [javac] Note: /var/lib/jenkins/workspace/Automated Test Runs/ovm/src/com/cloud/ovm/object/OvmStoragePool.java uses unchecked or unsafe operations.
    [javac] Note: Recompile with -Xlint:unchecked for details.
      [jar] Building jar: /var/lib/jenkins/workspace/Automated Test Runs/target/jar/cloud-ovm.jar

build-ovm:

-init-package:

package-oss-systemvm:
      [zip] Building zip: /var/lib/jenkins/workspace/Automated Test Runs/dist/systemvm.zip

build-systemvm-patch:
    [mkdir] Created dir: /var/lib/jenkins/workspace/Automated Test Runs/dist/build-patch
    [mkdir] Created dir: /var/lib/jenkins/workspace/Automated Test Runs/dist/build-patch/usr/sbin
     [copy] Copying 75 files to /var/lib/jenkins/workspace/Automated Test Runs/dist/build-patch
     [copy] Copying 5 files to /var/lib/jenkins/workspace/Automated Test Runs/dist/build-patch/usr/sbin
      [tar] Building tar: /var/lib/jenkins/workspace/Automated Test Runs/dist/patch.tar
     [copy] Copying 1 file to /var/lib/jenkins/workspace/Automated Test Runs/dist
     [gzip] Building: /var/lib/jenkins/workspace/Automated Test Runs/dist/cloud-scripts.tgz
   [delete] Deleting: /var/lib/jenkins/workspace/Automated Test Runs/dist/patch.tar
   [delete] Deleting directory /var/lib/jenkins/workspace/Automated Test Runs/dist/build-patch

package-oss-systemvm-iso:

build-opensource:
     [copy] Copying 4 files to /var/lib/jenkins/workspace/Automated Test Runs/dist
     [copy] Copying 4 files to /var/lib/jenkins/workspace/Automated Test Runs/target/jar

build-war-oss:
      [war] Building war: /var/lib/jenkins/workspace/Automated Test Runs/dist/client/client.war

-init-test:
    [mkdir] Created dir: /var/lib/jenkins/workspace/Automated Test Runs/target/test
    [mkdir] Created dir: /var/lib/jenkins/workspace/Automated Test Runs/target/test/classes

compile-testclient:
     [echo] src is /var/lib/jenkins/workspace/Automated Test Runs/test
    [mkdir] Created dir: /var/lib/jenkins/workspace/Automated Test Runs/target/classes/cloud-test.jar
     [echo] Compiling /var/lib/jenkins/workspace/Automated Test Runs/test/src
    [javac] Compiling 37 source files to /var/lib/jenkins/workspace/Automated Test Runs/target/classes/cloud-test.jar
      [jar] Building jar: /var/lib/jenkins/workspace/Automated Test Runs/target/jar/cloud-test.jar

compile-usage:
    [mkdir] Created dir: /var/lib/jenkins/workspace/Automated Test Runs/target/classes/cloud-usage.jar
     [echo] Compiling /var/lib/jenkins/workspace/Automated Test Runs/usage/src
    [javac] Compiling 16 source files to /var/lib/jenkins/workspace/Automated Test Runs/target/classes/cloud-usage.jar
      [jar] Building jar: /var/lib/jenkins/workspace/Automated Test Runs/target/jar/cloud-usage.jar

-init-awsapi:
    [mkdir] Created dir: /var/lib/jenkins/workspace/Automated Test Runs/target/dist-files
     [echo] builder: jenkins at domU-12-31-39-15-22-2D, on 2012-06-18T04:01:20Z
     [echo] Build number is 3.0.3.2012-06-18T04:01:20Z

compile-awsapi:
    [mkdir] Created dir: /var/lib/jenkins/workspace/Automated Test Runs/target/classes/cloud-awsapi.jar
     [echo] Compiling /var/lib/jenkins/workspace/Automated Test Runs/awsapi/src
    [javac] Compiling 938 source files to /var/lib/jenkins/workspace/Automated Test Runs/target/classes/cloud-awsapi.jar
    [javac] Note: Some input files use or override a deprecated API.
    [javac] Note: Recompile with -Xlint:deprecation for details.
    [javac] Note: Some input files use unchecked or unsafe operations.
    [javac] Note: Recompile with -Xlint:unchecked for details.
      [jar] Building jar: /var/lib/jenkins/workspace/Automated Test Runs/target/jar/cloud-awsapi.jar

build-awsapi-jar:
      [jar] Building jar: /var/lib/jenkins/workspace/Automated Test Runs/target/dist-files/cloud-awsapi.jar

build-awsapi-s3:
      [jar] Building MANIFEST-only jar: /var/lib/jenkins/workspace/Automated Test Runs/target/dist-files/cloud-s3.aar

build-awsapi-ec2:
      [jar] Building jar: /var/lib/jenkins/workspace/Automated Test Runs/target/dist-files/cloud-ec2.aar

build-cloud-auth-s3:
      [jar] Building jar: /var/lib/jenkins/workspace/Automated Test Runs/target/dist-files/cloud-auth-s3.mar

build-cloud-auth-ec2:
      [jar] Building jar: /var/lib/jenkins/workspace/Automated Test Runs/target/dist-files/cloud-auth-ec2.mar

build-awsapi:

build-all:
     [echo] Using build parameters from /var/lib/jenkins/workspace/Automated Test Runs/build/build-cloud.properties
     [echo] Using company info from /var/lib/jenkins/workspace/Automated Test Runs/build/cloud.properties
     [echo] Using override file from /var/lib/jenkins/workspace/Automated Test Runs/build/replace.properties
     [echo] deploy home: /var/lib/jenkins/workspace/Automated Test Runs/build/deploy

deploy-common:
     [echo] Using build parameters from /var/lib/jenkins/workspace/Automated Test Runs/build/build-cloud.properties
     [echo] Using company info from /var/lib/jenkins/workspace/Automated Test Runs/build/cloud.properties
     [echo] Using override file from /var/lib/jenkins/workspace/Automated Test Runs/build/replace.properties
     [echo] deploy home: /var/lib/jenkins/workspace/Automated Test Runs/build/deploy

unzip:
    [unwar] Expanding: /var/lib/jenkins/workspace/Automated Test Runs/dist/client/client.war into /var/lib/jenkins/automated/webapps/client
    [touch] Creating /var/lib/jenkins/automated/webapps/client/WEB-INF/lib/scripts/vm/hypervisor/xenserver/version
     [copy] Copying 25 files to /var/lib/jenkins/automated/conf
     [copy] Copying 1 file to /var/lib/jenkins/automated/lib
   [delete] Deleting: /var/lib/jenkins/automated/webapps/client/WEB-INF/lib/cloud-mysql-connector-java-5.1.7-bin.jar
  [replace] Replaced 1 occurrences in 1 files.

deploy-ovm:
     [copy] Copying 20 files to /var/lib/jenkins/automated/webapps/client/WEB-INF/lib/scripts

-init-awsapi:
     [echo] builder: jenkins at domU-12-31-39-15-22-2D, on 2012-06-18T04:03:48.069Z
     [echo] Build number is 3.0.3

deploy-axis:
    [unwar] Expanding: /var/lib/jenkins/workspace/Automated Test Runs/deps/awsapi-lib/axis2.war into /var/lib/jenkins/automated/webapps/awsapi

deploy-awsapi:
     [copy] Copying 1 file to /var/lib/jenkins/automated/webapps/awsapi/WEB-INF/services
     [copy] Copying 1 file to /var/lib/jenkins/automated/webapps/awsapi/WEB-INF/modules
     [copy] Copying 1 file to /var/lib/jenkins/automated/webapps/awsapi/WEB-INF/modules
     [copy] Copying 2 files to /var/lib/jenkins/automated/webapps/awsapi/WEB-INF/lib
     [copy] Copying 43 files to /var/lib/jenkins/automated/webapps/awsapi/WEB-INF/lib
     [copy] Copying 1 file to /var/lib/jenkins/automated/lib
     [copy] Copying 4 files to /var/lib/jenkins/automated/conf
     [copy] Copying 1 file to /var/lib/jenkins/automated/webapps/awsapi/WEB-INF/conf
     [copy] Copying 1 file to /var/lib/jenkins/automated/webapps/awsapi/WEB-INF
     [copy] Copying 12 files to /var/lib/jenkins/automated/webapps/awsapi/WEB-INF/lib
     [copy] Copying 2 files to /var/lib/jenkins/automated/webapps/awsapi/WEB-INF/modules
     [copy] Copying 2 files to /var/lib/jenkins/automated/webapps/awsapi/WEB-INF/classes

deploy-server:
     [copy] Copying 1 file to /var/lib/jenkins/automated/webapps/client/WEB-INF/lib/vms
     [echo] Using build parameters from /var/lib/jenkins/workspace/Automated Test Runs/build/build-cloud.properties
     [echo] Using company info from /var/lib/jenkins/workspace/Automated Test Runs/build/cloud.properties
     [echo] Using override file from /var/lib/jenkins/workspace/Automated Test Runs/build/replace.properties
     [echo] deploy home: /var/lib/jenkins/workspace/Automated Test Runs/build/deploy

deploy-cloudstack-db:
     [echo] deploydb server-setup.xml templates.sql ${DBROOTPW}
     [exec] Recreating Database cloud.
     [exec] Please enter root password for MySQL.
     [exec] Error: Cannot execute create-database.sql
     [exec] Enter password: ERROR 1045 (28000): Access denied for user 'root'@'localhost' (using password: YES)
     [exec] Result: 10

deploy-awsapi-db:
     [echo] deploy-awsapi-db
     [exec] Recreating Database.
     [exec] Please enter root password for MySQL.
     [exec] Error: Cannot execute cloudbridge_db.sql
     [exec] Enter password: ERROR 1045 (28000): Access denied for user 'root'@'localhost' (using password: YES)
     [exec] Result: 10

deploydb:
     [echo] Using build parameters from /var/lib/jenkins/workspace/Automated Test Runs/build/build-cloud.properties
     [echo] Using company info from /var/lib/jenkins/workspace/Automated Test Runs/build/cloud.properties
     [echo] Using override file from /var/lib/jenkins/workspace/Automated Test Runs/build/replace.properties
     [echo] deploy home: /var/lib/jenkins/workspace/Automated Test Runs/build/deploy

stop-tomcat:
     [java] Exception in thread "main" java.lang.NoClassDefFoundError: org/apache/juli/logging/LogFactory
     [java] 	at org.apache.catalina.startup.Bootstrap.<clinit>(Bootstrap.java:55)
     [java] Caused by: java.lang.ClassNotFoundException: org.apache.juli.logging.LogFactory
     [java] 	at java.net.URLClassLoader$1.run(URLClassLoader.java:217)
     [java] 	at java.security.AccessController.doPrivileged(Native Method)
     [java] 	at java.net.URLClassLoader.findClass(URLClassLoader.java:205)
     [java] 	at java.lang.ClassLoader.loadClass(ClassLoader.java:321)
     [java] 	at sun.misc.Launcher$AppClassLoader.loadClass(Launcher.java:294)
     [java] 	at java.lang.ClassLoader.loadClass(ClassLoader.java:266)
     [java] 	... 1 more
     [java] Could not find the main class: org.apache.catalina.startup.Bootstrap. Program will exit.
     [java] Java Result: 1

start-tomcat:
     [echo] Start Tomcat
     [java] Exception in thread "main" java.lang.NoClassDefFoundError: org/apache/juli/logging/LogFactory
     [java] 	at org.apache.catalina.startup.Bootstrap.<clinit>(Bootstrap.java:55)
     [java] Caused by: java.lang.ClassNotFoundException: org.apache.juli.logging.LogFactory
     [java] 	at java.net.URLClassLoader$1.run(URLClassLoader.java:217)
     [java] 	at java.security.AccessController.doPrivileged(Native Method)
     [java] 	at java.net.URLClassLoader.findClass(URLClassLoader.java:205)
     [java] 	at java.lang.ClassLoader.loadClass(ClassLoader.java:321)
     [java] 	at sun.misc.Launcher$AppClassLoader.loadClass(Launcher.java:294)
     [java] 	at java.lang.ClassLoader.loadClass(ClassLoader.java:266)
     [java] 	... 1 more
     [java] Could not find the main class: org.apache.catalina.startup.Bootstrap. Program will exit.
     [java] Java Result: 1
     [echo] running tests...
     [echo] Using build parameters from /var/lib/jenkins/workspace/Automated Test Runs/build/build-cloud.properties
     [echo] Using company info from /var/lib/jenkins/workspace/Automated Test Runs/build/cloud.properties
     [echo] Using override file from /var/lib/jenkins/workspace/Automated Test Runs/build/replace.properties
     [echo] deploy home: /var/lib/jenkins/workspace/Automated Test Runs/build/deploy

xmltest-automated:
     [echo] Running daily test run with automated/automated.xml.py
     [echo] Using build parameters from /var/lib/jenkins/workspace/Automated Test Runs/build/build-cloud.properties
     [echo] Using company info from /var/lib/jenkins/workspace/Automated Test Runs/build/cloud.properties
     [echo] Using override file from /var/lib/jenkins/workspace/Automated Test Runs/build/replace.properties
     [echo] deploy home: /var/lib/jenkins/workspace/Automated Test Runs/build/deploy

xmltest-translate:
     [echo] Translating: automated/automated.xml
     [exec] The output file already exists: automated.xml.py
     [exec] Result: 1

xmltest-execute:
     [echo] Executing: automated/automated.xml.py
     [exec] python: can't open file 'automated/automated.xml.py': [Errno 2] No such file or directory
     [exec] Result: 2
     [echo] Using build parameters from /var/lib/jenkins/workspace/Automated Test Runs/build/build-cloud.properties
     [echo] Using company info from /var/lib/jenkins/workspace/Automated Test Runs/build/cloud.properties
     [echo] Using override file from /var/lib/jenkins/workspace/Automated Test Runs/build/replace.properties
     [echo] deploy home: /var/lib/jenkins/workspace/Automated Test Runs/build/deploy

stop-tomcat:
     [java] Exception in thread "main" java.lang.NoClassDefFoundError: org/apache/juli/logging/LogFactory
     [java] 	at org.apache.catalina.startup.Bootstrap.<clinit>(Bootstrap.java:55)
     [java] Caused by: java.lang.ClassNotFoundException: org.apache.juli.logging.LogFactory
     [java] 	at java.net.URLClassLoader$1.run(URLClassLoader.java:217)
     [java] 	at java.security.AccessController.doPrivileged(Native Method)
     [java] 	at java.net.URLClassLoader.findClass(URLClassLoader.java:205)
     [java] 	at java.lang.ClassLoader.loadClass(ClassLoader.java:321)
     [java] 	at sun.misc.Launcher$AppClassLoader.loadClass(Launcher.java:294)
     [java] 	at java.lang.ClassLoader.loadClass(ClassLoader.java:266)
     [java] 	... 1 more
     [java] Could not find the main class: org.apache.catalina.startup.Bootstrap. Program will exit.
     [java] Java Result: 1
     [echo] Using build parameters from /var/lib/jenkins/workspace/Automated Test Runs/build/build-cloud.properties
     [echo] Using company info from /var/lib/jenkins/workspace/Automated Test Runs/build/cloud.properties
     [echo] Using override file from /var/lib/jenkins/workspace/Automated Test Runs/build/replace.properties
     [echo] deploy home: /var/lib/jenkins/workspace/Automated Test Runs/build/deploy

stop-tomcat:
     [java] Exception in thread "main" java.lang.NoClassDefFoundError: org/apache/juli/logging/LogFactory
     [java] 	at org.apache.catalina.startup.Bootstrap.<clinit>(Bootstrap.java:55)
     [java] Caused by: java.lang.ClassNotFoundException: org.apache.juli.logging.LogFactory
     [java] 	at java.net.URLClassLoader$1.run(URLClassLoader.java:217)
     [java] 	at java.security.AccessController.doPrivileged(Native Method)
     [java] 	at java.net.URLClassLoader.findClass(URLClassLoader.java:205)
     [java] 	at java.lang.ClassLoader.loadClass(ClassLoader.java:321)
     [java] 	at sun.misc.Launcher$AppClassLoader.loadClass(Launcher.java:294)
     [java] 	at java.lang.ClassLoader.loadClass(ClassLoader.java:266)
     [java] 	... 1 more
     [java] Could not find the main class: org.apache.catalina.startup.Bootstrap. Program will exit.
     [java] Java Result: 1

clean-awsapi-tomcat:
   [delete] Deleting directory /var/lib/jenkins/automated/webapps/awsapi

clean-tomcat:
   [delete] Deleting directory /var/lib/jenkins/automated/webapps/client
   [delete] Deleting directory /var/lib/jenkins/automated/temp
   [delete] Deleting directory /var/lib/jenkins/automated/logs

BUILD SUCCESSFUL
Total time: 2 minutes 41 seconds
Finished: SUCCESS
